<?xml version="1.0" encoding="UTF-8"?>
<testng-results skipped="0" failed="0" ignored="0" total="1" passed="1">
  <reporter-output>
  </reporter-output>
  <suite name="Default suite" duration-ms="59864" started-at="2018-12-12T06:08:32Z" finished-at="2018-12-12T06:09:32Z">
    <groups>
    </groups>
    <test name="Default test" duration-ms="59864" started-at="2018-12-12T06:08:32Z" finished-at="2018-12-12T06:09:32Z">
      <class name="com.sprint.zohoTest">
        <test-method status="PASS" signature="setUp()[pri:0, instance:com.sprint.zohoTest@16293aa2]" name="setUp" is-config="true" duration-ms="9934" started-at="2018-12-12T06:08:32Z" finished-at="2018-12-12T06:08:42Z">
          <reporter-output>
          </reporter-output>
        </test-method> <!-- setUp -->
        <test-method status="PASS" signature="printExcel()[pri:0, instance:com.sprint.zohoTest@16293aa2]" name="printExcel" duration-ms="40571" started-at="2018-12-12T06:08:42Z" finished-at="2018-12-12T06:09:23Z">
          <reporter-output>
          </reporter-output>
        </test-method> <!-- printExcel -->
        <test-method status="PASS" signature="close()[pri:0, instance:com.sprint.zohoTest@16293aa2]" name="close" is-config="true" duration-ms="9209" started-at="2018-12-12T06:09:23Z" finished-at="2018-12-12T06:09:32Z">
          <reporter-output>
          </reporter-output>
        </test-method> <!-- close -->
      </class> <!-- com.sprint.zohoTest -->
    </test> <!-- Default test -->
  </suite> <!-- Default suite -->
</testng-results>
